d:\c2-develop\rebeacon\beacon\beacon\x64\debug\vc143.pdb
d:\c2-develop\rebeacon\beacon\beacon\x64\debug\vc143.idb
d:\c2-develop\rebeacon\beacon\beacon\x64\debug\api.obj
d:\c2-develop\rebeacon\beacon\beacon\x64\debug\beacon.obj
d:\c2-develop\rebeacon\beacon\beacon\x64\debug\command.obj
d:\c2-develop\rebeacon\beacon\beacon\x64\debug\config.obj
d:\c2-develop\rebeacon\beacon\beacon\x64\debug\dllinject.obj
d:\c2-develop\rebeacon\beacon\beacon\x64\debug\file.obj
d:\c2-develop\rebeacon\beacon\beacon\x64\debug\identity.obj
d:\c2-develop\rebeacon\beacon\beacon\x64\debug\job.obj
d:\c2-develop\rebeacon\beacon\beacon\x64\debug\metadata.obj
d:\c2-develop\rebeacon\beacon\beacon\x64\debug\pipe.obj
d:\c2-develop\rebeacon\beacon\beacon\x64\debug\process.obj
d:\c2-develop\rebeacon\beacon\beacon\x64\debug\shell.obj
d:\c2-develop\rebeacon\beacon\beacon\x64\debug\spawn.obj
d:\c2-develop\rebeacon\beacon\beacon\x64\debug\util.obj
d:\c2-develop\rebeacon\beacon\beacon\x64\debug\bof.obj
d:\c2-develop\rebeacon\beacon\beacon\x64\debug\http.obj
d:\c2-develop\rebeacon\beacon\x64\debug\beacon.exe
d:\c2-develop\rebeacon\beacon\beacon\x64\debug\beacon.exe.intermediate.manifest
d:\c2-develop\rebeacon\beacon\x64\debug\beacon.pdb
\\?\d:\c2-develop\rebeacon\beacon\x64\debug\beacon.exe.manifest
d:\c2-develop\rebeacon\beacon\beacon\x64\debug\beacon.ilk
d:\c2-develop\rebeacon\beacon\x64\debug\beacon.exe.manifest
d:\c2-develop\rebeacon\beacon\beacon\x64\debug\beacon.tlog\cl.command.1.tlog
d:\c2-develop\rebeacon\beacon\beacon\x64\debug\beacon.tlog\cl.items.tlog
d:\c2-develop\rebeacon\beacon\beacon\x64\debug\beacon.tlog\cl.read.1.tlog
d:\c2-develop\rebeacon\beacon\beacon\x64\debug\beacon.tlog\cl.write.1.tlog
d:\c2-develop\rebeacon\beacon\beacon\x64\debug\beacon.tlog\link.command.1.tlog
d:\c2-develop\rebeacon\beacon\beacon\x64\debug\beacon.tlog\link.read.1.tlog
d:\c2-develop\rebeacon\beacon\beacon\x64\debug\beacon.tlog\link.secondary.1.tlog
d:\c2-develop\rebeacon\beacon\beacon\x64\debug\beacon.tlog\link.write.1.tlog
d:\c2-develop\rebeacon\beacon\beacon\x64\debug\beacon.tlog\mt.command.1.tlog
d:\c2-develop\rebeacon\beacon\beacon\x64\debug\beacon.tlog\mt.read.1.tlog
d:\c2-develop\rebeacon\beacon\beacon\x64\debug\beacon.tlog\mt.write.1.tlog
